<?xml version="1.0" encoding="UTF-8"?>
<!-- Generated by org.testng.reporters.JUnitReportReporter -->
<testsuite hostname="DESKTOP-BEDA6MH" failures="0" tests="3" name="testLayer.SigninTest" time="83.423" errors="0" timestamp="2023-10-30T14:24:55 EDT" skipped="0">
  <testcase classname="testLayer.SigninTest" name="invalidSigninDetails" time="40.102"/>
  <system-out/>
  <testcase classname="testLayer.SigninTest" name="invalidSigninDetails" time="26.276"/>
  <system-out/>
  <testcase classname="testLayer.SigninTest" name="invalidSigninDetails" time="17.045"/>
  <system-out/>
</testsuite> <!-- testLayer.SigninTest -->
