<?xml version="1.0" encoding="UTF-8"?>
<!-- Generated by org.testng.reporters.JUnitReportReporter -->
<testsuite hostname="DESKTOP-BEDA6MH" failures="0" tests="1" name="testLayer.CreateAccountTest" time="22.562" errors="0" timestamp="2023-10-30T00:25:33 EDT" skipped="0">
  <testcase classname="testLayer.CreateAccountTest" name="validemailcreateaccount" time="22.562"/>
  <system-out/>
</testsuite> <!-- testLayer.CreateAccountTest -->
